<?xml version="1.0" encoding="UTF-8"?>
<testng-results ignored="0" total="1" passed="1" failed="0" skipped="0">
  <reporter-output>
  </reporter-output>
  <suite started-at="2024-10-24T12:15:14 IST" name="Default suite" finished-at="2024-10-24T12:15:20 IST" duration-ms="6591">
    <groups>
    </groups>
    <test started-at="2024-10-24T12:15:14 IST" name="Default test" finished-at="2024-10-24T12:15:20 IST" duration-ms="6591">
      <class name="Practice.ProgramTest">
        <test-method signature="testCase()[pri:0, instance:Practice.ProgramTest@8458f04]" started-at="2024-10-24T12:15:14 IST" name="testCase" finished-at="2024-10-24T12:15:20 IST" duration-ms="6539" status="PASS">
          <reporter-output>
          </reporter-output>
        </test-method> <!-- testCase -->
      </class> <!-- Practice.ProgramTest -->
    </test> <!-- Default test -->
  </suite> <!-- Default suite -->
</testng-results>
